<?xml version="1.0" encoding="UTF-8"?>
<!-- Generated by org.testng.reporters.JUnitReportReporter -->
<testsuite skipped="0" hostname="DESKTOP-9SMF0FV" name="test.DTimeLine_Testcase" tests="1" failures="0" timestamp="25 Jan 2024 09:55:09 GMT" time="6.213" errors="0">
  <testcase name="checkNavigateToTimeLine" time="6.213" classname="test.DTimeLine_Testcase"/>
</testsuite> <!-- test.DTimeLine_Testcase -->
