<?xml version="1.0" encoding="UTF-8"?>
<!-- Generated by org.testng.reporters.JUnitReportReporter -->
<testsuite skipped="0" hostname="DESKTOP-9SMF0FV" name="test.DTotalTopicsCovered_TestCase" tests="1" failures="0" timestamp="25 Jan 2024 13:05:26 GMT" time="5.243" errors="0">
  <testcase name="checkTotalTopicsCoveredFunc" time="5.243" classname="test.DTotalTopicsCovered_TestCase"/>
</testsuite> <!-- test.DTotalTopicsCovered_TestCase -->
