<?xml version="1.0" encoding="UTF-8"?>
<!-- Generated by org.testng.reporters.JUnitReportReporter -->
<testsuite skipped="0" hostname="DESKTOP-9SMF0FV" name="test.DYourGoodScore_TestCase" tests="1" failures="0" timestamp="25 Jan 2024 13:05:54 GMT" time="5.651" errors="0">
  <testcase name="checkYourGoodScoreFunc" time="5.651" classname="test.DYourGoodScore_TestCase"/>
</testsuite> <!-- test.DYourGoodScore_TestCase -->
