<?xml version="1.0" encoding="UTF-8"?>
<!-- Generated by org.testng.reporters.JUnitReportReporter -->
<testsuite skipped="0" hostname="DESKTOP-9SMF0FV" name="test.ViewAnswer_Testcase" tests="1" failures="0" timestamp="25 Jan 2024 10:30:48 GMT" time="7.330" errors="0">
  <testcase name="checkViewAnswerFunc" time="7.330" classname="test.ViewAnswer_Testcase"/>
</testsuite> <!-- test.ViewAnswer_Testcase -->
