<?xml version="1.0" encoding="UTF-8"?>
<!-- Generated by org.testng.reporters.JUnitReportReporter -->
<testsuite skipped="0" hostname="DESKTOP-9SMF0FV" name="test.Logout_Testcases" tests="1" failures="0" timestamp="25 Jan 2024 13:10:38 GMT" time="10.229" errors="0">
  <testcase name="checkvalidLogout" time="10.229" classname="test.Logout_Testcases"/>
</testsuite> <!-- test.Logout_Testcases -->
