<?xml version="1.0" encoding="UTF-8"?>
<!-- Generated by org.testng.reporters.JUnitReportReporter -->
<testsuite skipped="0" hostname="DESKTOP-9SMF0FV" name="test.DFailedAttempt_TestCase" tests="1" failures="0" timestamp="25 Jan 2024 13:03:46 GMT" time="5.024" errors="0">
  <testcase name="checkFailedTestAttemptFunc" time="5.024" classname="test.DFailedAttempt_TestCase"/>
</testsuite> <!-- test.DFailedAttempt_TestCase -->
