<?xml version="1.0" encoding="UTF-8"?>
<!-- Generated by org.testng.reporters.JUnitReportReporter -->
<testsuite skipped="0" hostname="DESKTOP-9SMF0FV" name="test.ThaCourses_Testcase" tests="1" failures="0" timestamp="25 Jan 2024 13:07:01 GMT" time="6.246" errors="0">
  <testcase name="checkCourseUrl" time="6.246" classname="test.ThaCourses_Testcase"/>
</testsuite> <!-- test.ThaCourses_Testcase -->
