<?xml version="1.0" encoding="UTF-8"?>
<!-- Generated by org.testng.reporters.JUnitReportReporter -->
<testsuite skipped="0" hostname="DESKTOP-9SMF0FV" name="test.ContactUs_TestCase" tests="3" failures="0" timestamp="25 Jan 2024 16:33:00 GMT" time="36.148" errors="0">
  <testcase name="checkContactUs" time="14.651" classname="test.ContactUs_TestCase"/>
  <testcase name="checkEmptyEmail" time="10.507" classname="test.ContactUs_TestCase"/>
  <testcase name="checkInvalidEmail" time="10.990" classname="test.ContactUs_TestCase"/>
</testsuite> <!-- test.ContactUs_TestCase -->
