<?xml version="1.0" encoding="UTF-8"?>
<!-- Generated by org.testng.reporters.JUnitReportReporter -->
<testsuite skipped="0" hostname="DESKTOP-9SMF0FV" name="test.TakeAQuizAgain_Testcase" tests="1" failures="0" timestamp="25 Jan 2024 18:45:01 GMT" time="6.136" errors="0">
  <testcase name="verifyTakeAQuizAgainFunc" time="6.136" classname="test.TakeAQuizAgain_Testcase"/>
</testsuite> <!-- test.TakeAQuizAgain_Testcase -->
