<?xml version="1.0" encoding="UTF-8"?>
<!-- Generated by org.testng.reporters.JUnitReportReporter -->
<testsuite skipped="0" hostname="DESKTOP-9SMF0FV" name="test.TakeAQuiz_TestCase" tests="2" failures="0" timestamp="25 Jan 2024 13:11:18 GMT" time="8.697" errors="0">
  <testcase name="checkTakeAQuiz" time="5.091" classname="test.TakeAQuiz_TestCase"/>
  <testcase name="checkNoQuestionQuiz" time="3.606" classname="test.TakeAQuiz_TestCase"/>
</testsuite> <!-- test.TakeAQuiz_TestCase -->
