<?xml version="1.0" encoding="UTF-8"?>
<!-- Generated by org.testng.reporters.JUnitReportReporter -->
<testsuite skipped="0" hostname="DESKTOP-9SMF0FV" name="test.DTestAttempted_TestCase" tests="1" failures="0" timestamp="25 Jan 2024 13:04:24 GMT" time="5.605" errors="0">
  <testcase name="checkTestAttemptedFunc" time="5.605" classname="test.DTestAttempted_TestCase"/>
</testsuite> <!-- test.DTestAttempted_TestCase -->
