<?xml version="1.0" encoding="UTF-8"?>
<!-- Generated by org.testng.reporters.JUnitReportReporter -->
<testsuite skipped="0" hostname="DESKTOP-9SMF0FV" name="test.Login_Testcase" tests="4" failures="0" timestamp="25 Jan 2024 16:25:26 GMT" time="17.073" errors="0">
  <testcase name="checkvalidLogin" time="4.144" classname="test.Login_Testcase"/>
  <testcase name="checkNotRegisteredLogin" time="3.428" classname="test.Login_Testcase"/>
  <testcase name="checkEmptyNumberLogin" time="5.405" classname="test.Login_Testcase"/>
  <testcase name="checkInvalidNumberRangeLogin" time="4.096" classname="test.Login_Testcase"/>
</testsuite> <!-- test.Login_Testcase -->
